/home/james/IdeaProjects/s2m/Test Results - StackTest.xml